<?xml version="1.0" encoding="UTF-8" ?>
<testsuite failures="0" time="0.755" errors="0" skipped="0" tests="11" name="eu.europa.ec.fisheries.uvms.config.model.ConfigDatasourceResponseMapperTest">
  <properties>
    <property name="java.runtime.name" value="Java(TM) SE Runtime Environment"/>
    <property name="sun.boot.library.path" value="C:\Program Files\Java\jdk1.7.0_79\jre\bin"/>
    <property name="java.vm.version" value="24.79-b02"/>
    <property name="java.vm.vendor" value="Oracle Corporation"/>
    <property name="maven.multiModuleProjectDirectory" value="C:\uvms-git-test\models\ConfigModule"/>
    <property name="java.vendor.url" value="http://java.oracle.com/"/>
    <property name="path.separator" value=";"/>
    <property name="guice.disable.misplaced.annotation.check" value="true"/>
    <property name="java.vm.name" value="Java HotSpot(TM) 64-Bit Server VM"/>
    <property name="file.encoding.pkg" value="sun.io"/>
    <property name="user.script" value=""/>
    <property name="user.country" value="SE"/>
    <property name="sun.java.launcher" value="SUN_STANDARD"/>
    <property name="sun.os.patch.level" value=""/>
    <property name="java.vm.specification.name" value="Java Virtual Machine Specification"/>
    <property name="user.dir" value="C:\uvms-git-test\models\ConfigModule"/>
    <property name="java.runtime.version" value="1.7.0_79-b15"/>
    <property name="java.awt.graphicsenv" value="sun.awt.Win32GraphicsEnvironment"/>
    <property name="java.endorsed.dirs" value="C:\Program Files\Java\jdk1.7.0_79\jre\lib\endorsed"/>
    <property name="os.arch" value="amd64"/>
    <property name="java.io.tmpdir" value="C:\Users\osdjup.HAV\AppData\Local\Temp\"/>
    <property name="line.separator" value="
"/>
    <property name="java.vm.specification.vendor" value="Oracle Corporation"/>
    <property name="user.variant" value=""/>
    <property name="os.name" value="Windows 8.1"/>
    <property name="classworlds.conf" value="C:\Program Files\apache-maven-3.3.9\bin\..\bin\m2.conf"/>
    <property name="sun.jnu.encoding" value="Cp1252"/>
    <property name="java.library.path" value="C:\Program Files\Java\jdk1.7.0_79\bin;C:\WINDOWS\Sun\Java\bin;C:\WINDOWS\system32;C:\WINDOWS;C:\Program Files\cmder\bin;C:\Program Files\cmder\vendor\git-for-windows\bin;C:\Program Files\cmder\vendor\git-for-windows\usr\bin;C:\Program Files\cmder\vendor\git-for-windows\share\vim\vim74;C:\Program Files\cmder\vendor\conemu-maximus5\ConEmu\Scripts;C:\Program Files\cmder\vendor\conemu-maximus5;C:\Program Files\cmder\vendor\conemu-maximus5\ConEmu;C:\ProgramData\Oracle\Java\javapath;C:\WINDOWS\system32;C:\WINDOWS;C:\WINDOWS\System32\Wbem;C:\WINDOWS\System32\WindowsPowerShell\v1.0\;C:\Program Files (x86)\Panda Security\WaAgent\Common;C:\Program Files\TortoiseSVN\bin;C:\Program Files\apache-maven-3.3.9\bin;C:\Program Files\nodejs\;C:\phantomjs-2.1.1-windows\bin;C:\Users\osdjup.HAV\AppData\Roaming\npm;C:\Users\osdjup.HAV\AppData\Local\Programs\Python\Python35-32\Scripts\;C:\Users\osdjup.HAV\AppData\Local\Programs\Python\Python35-32\;C:\adb;C:\Users\osdjup.HAV\AppData\Local\Programs\Python\Python35-32\Scripts\;C:\Users\osdjup.HAV\AppData\Local\Programs\Python\Python35-32\;C:\Program Files\cmder;."/>
    <property name="java.specification.name" value="Java Platform API Specification"/>
    <property name="java.class.version" value="51.0"/>
    <property name="sun.management.compiler" value="HotSpot 64-Bit Tiered Compilers"/>
    <property name="os.version" value="6.3"/>
    <property name="user.home" value="\\hav.havochvatten.se\hav\root\users\osdjup"/>
    <property name="user.timezone" value="Europe/Berlin"/>
    <property name="java.awt.printerjob" value="sun.awt.windows.WPrinterJob"/>
    <property name="java.specification.version" value="1.7"/>
    <property name="file.encoding" value="Cp1252"/>
    <property name="user.name" value="osdjup"/>
    <property name="java.class.path" value="C:\Program Files\apache-maven-3.3.9\bin\..\boot\plexus-classworlds-2.5.2.jar"/>
    <property name="org.slf4j.simpleLogger.defaultLogLevel" value="error"/>
    <property name="java.vm.specification.version" value="1.7"/>
    <property name="sun.arch.data.model" value="64"/>
    <property name="java.home" value="C:\Program Files\Java\jdk1.7.0_79\jre"/>
    <property name="sun.java.command" value="org.codehaus.plexus.classworlds.launcher.Launcher clean install -Pgenerate-from-wsdl -q -f C:/uvms-git-test/models/ConfigModule/pom.xml"/>
    <property name="java.specification.vendor" value="Oracle Corporation"/>
    <property name="user.language" value="sv"/>
    <property name="awt.toolkit" value="sun.awt.windows.WToolkit"/>
    <property name="java.vm.info" value="mixed mode"/>
    <property name="java.version" value="1.7.0_79"/>
    <property name="java.ext.dirs" value="C:\Program Files\Java\jdk1.7.0_79\jre\lib\ext;C:\WINDOWS\Sun\Java\lib\ext"/>
    <property name="sun.boot.class.path" value="C:\Program Files\Java\jdk1.7.0_79\jre\lib\resources.jar;C:\Program Files\Java\jdk1.7.0_79\jre\lib\rt.jar;C:\Program Files\Java\jdk1.7.0_79\jre\lib\sunrsasign.jar;C:\Program Files\Java\jdk1.7.0_79\jre\lib\jsse.jar;C:\Program Files\Java\jdk1.7.0_79\jre\lib\jce.jar;C:\Program Files\Java\jdk1.7.0_79\jre\lib\charsets.jar;C:\Program Files\Java\jdk1.7.0_79\jre\lib\jfr.jar;C:\Program Files\Java\jdk1.7.0_79\jre\classes"/>
    <property name="java.vendor" value="Oracle Corporation"/>
    <property name="maven.home" value="C:\Program Files\apache-maven-3.3.9\bin\.."/>
    <property name="file.separator" value="\"/>
    <property name="java.vendor.url.bug" value="http://bugreport.sun.com/bugreport/"/>
    <property name="sun.cpu.endian" value="little"/>
    <property name="sun.io.unicode.encoding" value="UnicodeLittle"/>
    <property name="sun.desktop" value="windows"/>
    <property name="sun.cpu.isalist" value="amd64"/>
  </properties>
  <testcase time="0.009" classname="eu.europa.ec.fisheries.uvms.config.model.ConfigDatasourceResponseMapperTest" name="test_toDeleteSettingRequest"/>
  <testcase time="0.039" classname="eu.europa.ec.fisheries.uvms.config.model.ConfigDatasourceResponseMapperTest" name="test_toGetSettingRequest"/>
  <testcase time="0.034" classname="eu.europa.ec.fisheries.uvms.config.model.ConfigDatasourceResponseMapperTest" name="test_toUpdateSettingRequest"/>
  <testcase time="0.039" classname="eu.europa.ec.fisheries.uvms.config.model.ConfigDatasourceResponseMapperTest" name="test_toListSettingsRequest"/>
  <testcase time="0.506" classname="eu.europa.ec.fisheries.uvms.config.model.ConfigDatasourceResponseMapperTest" name="testListSettingsResponse"/>
  <testcase time="0.034" classname="eu.europa.ec.fisheries.uvms.config.model.ConfigDatasourceResponseMapperTest" name="testGetSettingResponse"/>
  <testcase time="0.009" classname="eu.europa.ec.fisheries.uvms.config.model.ConfigDatasourceResponseMapperTest" name="testCreateSettingResponse"/>
  <testcase time="0.009" classname="eu.europa.ec.fisheries.uvms.config.model.ConfigDatasourceResponseMapperTest" name="testUpdateSettingResponse"/>
  <testcase time="0.007" classname="eu.europa.ec.fisheries.uvms.config.model.ConfigDatasourceResponseMapperTest" name="test_requiresCorrelationId"/>
  <testcase time="0.038" classname="eu.europa.ec.fisheries.uvms.config.model.ConfigDatasourceResponseMapperTest" name="testCatalogFromSettingCatalogResponse"/>
  <testcase time="0.031" classname="eu.europa.ec.fisheries.uvms.config.model.ConfigDatasourceResponseMapperTest" name="test_toGetSettingsCatalogRequest"/>
</testsuite>